#
# There is insufficient memory for the Java Runtime Environment to continue.
# Native memory allocation (malloc) failed to allocate 1048576 bytes for AllocateHeap
# Possible reasons:
#   The system is out of physical RAM or swap space
#   In 32 bit mode, the process size limit was hit
# Possible solutions:
#   Reduce memory load on the system
#   Increase physical memory or swap space
#   Check if swap backing store is full
#   Use 64 bit Java on a 64 bit OS
#   Decrease Java heap size (-Xmx/-Xms)
#   Decrease number of Java threads
#   Decrease Java thread stack sizes (-Xss)
#   Set larger code cache with -XX:ReservedCodeCacheSize=
# This output file may be truncated or incomplete.
#
#  Out of Memory Error (memory/allocation.inline.hpp:61), pid=5048, tid=0x0000000000005b1c
#
# JRE version:  (8.0) (build )
# Java VM: OpenJDK 64-Bit Server VM (25.71-b00 mixed mode windows-amd64 compressed oops)
# Failed to write core dump. Minidumps are not enabled by default on client versions of Windows
#

---------------  T H R E A D  ---------------

Current thread (0x000000000310e000):  JavaThread "Unknown thread" [_thread_in_vm, id=23324, stack(0x0000000003110000,0x0000000003210000)]

Stack: [0x0000000003110000,0x0000000003210000]
[error occurred during error reporting (printing stack bounds), id 0xc0000005]

Native frames: (J=compiled Java code, j=interpreted, Vv=VM code, C=native code)


---------------  P R O C E S S  ---------------

Java Threads: ( => current thread )

Other Threads:

=>0x000000000310e000 (exited) JavaThread "Unknown thread" [_thread_in_vm, id=23324, stack(0x0000000003110000,0x0000000003210000)]

VM state:not at safepoint (normal execution)

VM Mutex/Monitor currently owned by a thread: None

Heap:
 PSYoungGen      total 18944K, used 327K [0x00000000feb00000, 0x0000000100000000, 0x0000000100000000)
  eden space 16384K, 2% used [0x00000000feb00000,0x00000000feb51ec8,0x00000000ffb00000)
  from space 2560K, 0% used [0x00000000ffd80000,0x00000000ffd80000,0x0000000100000000)
  to   space 2560K, 0% used [0x00000000ffb00000,0x00000000ffb00000,0x00000000ffd80000)
 ParOldGen       total 44032K, used 0K [0x00000000fc000000, 0x00000000feb00000, 0x00000000feb00000)
  object space 44032K, 0% used [0x00000000fc000000,0x00000000fc000000,0x00000000feb00000)
 Metaspace       used 777K, capacity 4480K, committed 4480K, reserved 1056768K
  class space    used 74K, capacity 384K, committed 384K, reserved 1048576K

Card table byte_map: [0x00000000126d0000,0x0000000012700000] byte_map_base: 0x0000000011ef0000

Marking Bits: (ParMarkBitMap*) 0x000000005538be50
 Begin Bits: [0x0000000012f20000, 0x0000000013020000)
 End Bits:   [0x0000000013020000, 0x0000000013120000)

Polling page: 0x00000000030c0000

CodeCache: size=245760Kb used=328Kb max_used=328Kb free=245431Kb
 bounds [0x0000000003310000, 0x0000000003580000, 0x0000000012310000]
 total_blobs=57 nmethods=0 adapters=38
 compilation: enabled

Compilation events (0 events):
No events

GC Heap History (0 events):
No events

Deoptimization events (0 events):
No events

Classes redefined (0 events):
No events

Internal exceptions (0 events):
No events

Events (10 events):
Event: 0.055 loading class java/lang/Short
Event: 0.055 loading class java/lang/Short done
Event: 0.055 loading class java/lang/Integer
Event: 0.055 loading class java/lang/Integer done
Event: 0.055 loading class java/lang/Long
Event: 0.055 loading class java/lang/Long done
Event: 0.056 loading class java/lang/NullPointerException
Event: 0.056 loading class java/lang/NullPointerException done
Event: 0.056 loading class java/lang/ArithmeticException
Event: 0.056 loading class java/lang/ArithmeticException done


Dynamic libraries:
0x00007ff60c590000 - 0x00007ff60c5c5000 	C:\Program Files\Unity\Hub\Editor\2018.4.11f1\Editor\Data\PlaybackEngines\AndroidPlayer\Tools\OpenJDK\Windows\bin\java.exe
0x00007ff9b4460000 - 0x00007ff9b4650000 	C:\WINDOWS\SYSTEM32\ntdll.dll
0x00007ff9b3b00000 - 0x00007ff9b3bb2000 	C:\WINDOWS\System32\KERNEL32.DLL
0x00007ff9b1f70000 - 0x00007ff9b2213000 	C:\WINDOWS\System32\KERNELBASE.dll
0x00007ff9b4020000 - 0x00007ff9b40c3000 	C:\WINDOWS\System32\ADVAPI32.dll
0x00007ff9b41b0000 - 0x00007ff9b424e000 	C:\WINDOWS\System32\msvcrt.dll
0x00007ff9b31c0000 - 0x00007ff9b3257000 	C:\WINDOWS\System32\sechost.dll
0x00007ff9b39e0000 - 0x00007ff9b3b00000 	C:\WINDOWS\System32\RPCRT4.dll
0x00007ff9b4250000 - 0x00007ff9b43e4000 	C:\WINDOWS\System32\USER32.dll
0x00007ff9b1520000 - 0x00007ff9b1541000 	C:\WINDOWS\System32\win32u.dll
0x00007ff9b3260000 - 0x00007ff9b3286000 	C:\WINDOWS\System32\GDI32.dll
0x00007ff9b22f0000 - 0x00007ff9b2484000 	C:\WINDOWS\System32\gdi32full.dll
0x00007ff9b1700000 - 0x00007ff9b179e000 	C:\WINDOWS\System32\msvcp_win.dll
0x00007ff9b13f0000 - 0x00007ff9b14ea000 	C:\WINDOWS\System32\ucrtbase.dll
0x00007ff9a5170000 - 0x00007ff9a53f5000 	C:\WINDOWS\WinSxS\amd64_microsoft.windows.common-controls_6595b64144ccf1df_6.0.18362.476_none_e6c4b11b130f2595\COMCTL32.dll
0x00007ff9b3bc0000 - 0x00007ff9b3ef6000 	C:\WINDOWS\System32\combase.dll
0x00007ff9b2490000 - 0x00007ff9b2510000 	C:\WINDOWS\System32\bcryptPrimitives.dll
0x00007ff9b43f0000 - 0x00007ff9b441e000 	C:\WINDOWS\System32\IMM32.DLL
0x0000000055640000 - 0x0000000055712000 	C:\Program Files\Unity\Hub\Editor\2018.4.11f1\Editor\Data\PlaybackEngines\AndroidPlayer\Tools\OpenJDK\Windows\jre\bin\msvcr100.dll
0x0000000054bc0000 - 0x0000000055409000 	C:\Program Files\Unity\Hub\Editor\2018.4.11f1\Editor\Data\PlaybackEngines\AndroidPlayer\Tools\OpenJDK\Windows\jre\bin\server\jvm.dll
0x00007ff9b40d0000 - 0x00007ff9b40d8000 	C:\WINDOWS\System32\PSAPI.DLL
0x00007ff9a58a0000 - 0x00007ff9a58a9000 	C:\WINDOWS\SYSTEM32\WSOCK32.dll
0x00007ff9aeca0000 - 0x00007ff9aecc4000 	C:\WINDOWS\SYSTEM32\WINMM.dll
0x00007ff9b3fb0000 - 0x00007ff9b401f000 	C:\WINDOWS\System32\WS2_32.dll
0x00007ff9abb30000 - 0x00007ff9abb3a000 	C:\WINDOWS\SYSTEM32\VERSION.dll
0x00007ff9aec70000 - 0x00007ff9aec9d000 	C:\WINDOWS\SYSTEM32\winmmbase.dll
0x00007ff9b17a0000 - 0x00007ff9b17ea000 	C:\WINDOWS\System32\cfgmgr32.dll
0x00007ff9afb90000 - 0x00007ff9afb9f000 	C:\Program Files\Unity\Hub\Editor\2018.4.11f1\Editor\Data\PlaybackEngines\AndroidPlayer\Tools\OpenJDK\Windows\jre\bin\verify.dll
0x00007ff993980000 - 0x00007ff9939a9000 	C:\Program Files\Unity\Hub\Editor\2018.4.11f1\Editor\Data\PlaybackEngines\AndroidPlayer\Tools\OpenJDK\Windows\jre\bin\java.dll
0x00007ff9ad430000 - 0x00007ff9ad446000 	C:\Program Files\Unity\Hub\Editor\2018.4.11f1\Editor\Data\PlaybackEngines\AndroidPlayer\Tools\OpenJDK\Windows\jre\bin\zip.dll

VM Arguments:
jvm_args: -Xmx64M -Dcom.android.sdkmanager.toolsdir=C:/Users/Kyle/AppData/Local/Android/Sdk\tools -Dfile.encoding=UTF8 
java_command: C:\Program Files\Unity\Hub\Editor\2018.4.11f1\Editor\Data\PlaybackEngines\AndroidPlayer/Tools\sdktools.jar -
java_class_path (initial): C:\Program Files\Unity\Hub\Editor\2018.4.11f1\Editor\Data\PlaybackEngines\AndroidPlayer/Tools\sdktools.jar
Launcher Type: SUN_STANDARD

Environment Variables:
JAVA_HOME=C:\Program Files\Unity\Hub\Editor\2018.4.11f1\Editor\Data\PlaybackEngines\AndroidPlayer/Tools\OpenJDK\Windows
PATH=C:\ProgramData\DockerDesktop\version-bin;C:\Program Files\Docker\Docker\Resources\bin;C:\WINDOWS\system32;C:\WINDOWS;C:\WINDOWS\System32\Wbem;C:\WINDOWS\System32\WindowsPowerShell\v1.0\;C:\WINDOWS\System32\OpenSSH\;C:\Program Files\dotnet\;C:\Users\Kyle\AppData\Roaming\nvm;C:\Program Files\nodejs;C:\Program Files\NVIDIA Corporation\NVIDIA NvDLISR;C:\Program Files (x86)\NVIDIA Corporation\PhysX\Common;C:\WINDOWS\system32;C:\WINDOWS;C:\WINDOWS\System32\Wbem;C:\WINDOWS\System32\WindowsPowerShell\v1.0\;C:\WINDOWS\System32\OpenSSH\;C:\Program Files\Git\cmd;C:\Program Files\PowerShell\6\;C:\Go\bin;C:\Program Files\PuTTY\;C:\ProgramData\chocolatey\bin;C:\ngrok;C:\Users\Kyle\AppData\Local\Microsoft\WindowsApps;C:\Users\Kyle\AppData\Local\Programs\Microsoft VS Code\bin;C:\Users\Kyle\AppData\Roaming\nvm;C:\Program Files\nodejs;C:\Users\Kyle\.dotnet\tools;C:\Users\Kyle\.pyenv\pyenv-win\bin;C:\Users\Kyle\.pyenv\pyenv-win\shims;C:\ffmpeg-20191025-155508c-win64-static\bin;C:\Users\Kyle\AppData\Local\Programs\MiKTeX 2.9\miktex\bin\x64\;C:\Users\Kyle\go\bin;C:\win-builds\bin;
USERNAME=Kyle
OS=Windows_NT
PROCESSOR_IDENTIFIER=Intel64 Family 6 Model 71 Stepping 1, GenuineIntel



---------------  S Y S T E M  ---------------

OS: Windows 10.0 , 64 bit Build 18362 (10.0.18362.329)

CPU:total 8 (initial active 8) (4 cores per cpu, 2 threads per core) family 6 model 71 stepping 1, cmov, cx8, fxsr, mmx, sse, sse2, sse3, ssse3, sse4.1, sse4.2, popcnt, avx, avx2, aes, clmul, erms, 3dnowpref, lzcnt, ht, tsc, tscinvbit, bmi1, bmi2, adx

Memory: 4k page, physical 16728712k(3750428k free), swap 25117320k(5752k free)

vm_info: OpenJDK 64-Bit Server VM (25.71-b00) for windows-amd64 JRE (1.8.0-adoptopenjdk-_2018_05_19_00_59-b00), built on May 19 2018 01:02:12 by "jenkins" with MS VC++ 10.0 (VS2010)

time: Tue Dec 10 19:44:08 2019
elapsed time: 0 seconds (0d 0h 0m 0s)

